build/app/intermediates/manifest_merge_blame_file/debug/manifest-merger-blame-debug-report.txt
1<?xml version="1.0" encoding="utf-8"?>
2<manifest xmlns:android="http://schemas.android.com/apk/res/android"
3    package="com.maradi.svpusers.app"
4    android:versionCode="2"
5    android:versionName="1.0.0" >
6
7    <uses-sdk
8        android:minSdkVersion="21"
9        android:targetSdkVersion="33" />
10    <!--
11         Flutter needs it to communicate with the running application
12         to allow setting breakpoints, to provide hot reload, etc.
13    -->
14    <uses-permission android:name="android.permission.INTERNET" />
14-->src/debug/AndroidManifest.xml:6:5-66
14-->src/debug/AndroidManifest.xml:6:22-64
15    <uses-permission android:name="android.permission.WAKE_LOCK" />
15-->[:firebase_messaging] AndroidManifest.xml:10:5-68
15-->[:firebase_messaging] AndroidManifest.xml:10:22-65
16    <uses-permission android:name="android.permission.ACCESS_NETWORK_STATE" /> <!-- Permissions options for the `notification` group -->
16-->[:firebase_messaging] AndroidManifest.xml:11:5-79
16-->[:firebase_messaging] AndroidManifest.xml:11:22-76
17    <uses-permission android:name="android.permission.POST_NOTIFICATIONS" />
17-->[:firebase_messaging] AndroidManifest.xml:13:5-77
17-->[:firebase_messaging] AndroidManifest.xml:13:22-74
18    <uses-permission android:name="android.permission.READ_EXTERNAL_STORAGE" />
18-->[:file_picker] AndroidManifest.xml:9:5-80
18-->[:file_picker] AndroidManifest.xml:9:22-77
19
20    <queries>
20-->[:file_picker] AndroidManifest.xml:11:5-17:15
21        <intent>
21-->[:file_picker] AndroidManifest.xml:12:9-16:18
22            <action android:name="android.intent.action.GET_CONTENT" />
22-->[:file_picker] AndroidManifest.xml:13:13-72
22-->[:file_picker] AndroidManifest.xml:13:21-69
23
24            <data android:mimeType="*/*" />
24-->[:file_picker] AndroidManifest.xml:15:13-44
24-->[:file_picker] AndroidManifest.xml:15:19-41
25        </intent>
26    </queries> <!-- Required by older versions of Google Play services to create IID tokens -->
27    <uses-permission android:name="com.google.android.c2dm.permission.RECEIVE" />
27-->[com.google.firebase:firebase-messaging:23.1.1] AndroidManifest.xml:28:5-82
27-->[com.google.firebase:firebase-messaging:23.1.1] AndroidManifest.xml:28:22-79
28
29    <permission
29-->[androidx.core:core:1.9.0] AndroidManifest.xml:22:5-24:47
30        android:name="com.maradi.svpusers.app.DYNAMIC_RECEIVER_NOT_EXPORTED_PERMISSION"
30-->[androidx.core:core:1.9.0] AndroidManifest.xml:23:9-81
31        android:protectionLevel="signature" />
31-->[androidx.core:core:1.9.0] AndroidManifest.xml:24:9-44
32
33    <uses-permission android:name="com.maradi.svpusers.app.DYNAMIC_RECEIVER_NOT_EXPORTED_PERMISSION" />
33-->[androidx.core:core:1.9.0] AndroidManifest.xml:26:5-97
33-->[androidx.core:core:1.9.0] AndroidManifest.xml:26:22-94
34    <!--
35 io.flutter.app.FlutterApplication is an android.app.Application that
36         calls FlutterMain.startInitialization(this); in its onCreate method.
37         In most cases you can leave this as-is, but you if you want to provide
38         additional functionality it is fine to subclass or reimplement
39         FlutterApplication and put your custom class here.
40    -->
41    <application
41-->src/main/AndroidManifest.xml:8:5-46:19
42        android:appComponentFactory="androidx.core.app.CoreComponentFactory"
42-->[androidx.core:core:1.9.0] AndroidManifest.xml:28:18-86
43        android:debuggable="true"
44        android:icon="@mipmap/ic_launcher"
44-->src/main/AndroidManifest.xml:10:9-43
45        android:label="SVP User" >
45-->src/main/AndroidManifest.xml:9:9-33
46        <activity
46-->src/main/AndroidManifest.xml:11:9-40:20
47            android:name="com.maradi.svpusers.app.MainActivity"
47-->src/main/AndroidManifest.xml:12:13-41
48            android:configChanges="orientation|keyboardHidden|keyboard|screenSize|smallestScreenSize|locale|layoutDirection|fontScale|screenLayout|density|uiMode"
48-->src/main/AndroidManifest.xml:15:13-163
49            android:exported="true"
49-->src/main/AndroidManifest.xml:17:13-36
50            android:hardwareAccelerated="true"
50-->src/main/AndroidManifest.xml:16:13-47
51            android:launchMode="singleTop"
51-->src/main/AndroidManifest.xml:13:13-43
52            android:theme="@style/LaunchTheme"
52-->src/main/AndroidManifest.xml:14:13-47
53            android:windowSoftInputMode="adjustResize" >
53-->src/main/AndroidManifest.xml:18:13-55
54
55            <!--
56                 Specifies an Android theme to apply to this Activity as soon as
57                 the Android process has started. This theme is visible to the user
58                 while the Flutter UI initializes. After that, this theme continues
59                 to determine the Window background behind the Flutter UI.
60            -->
61            <meta-data
61-->src/main/AndroidManifest.xml:23:13-26:17
62                android:name="io.flutter.embedding.android.NormalTheme"
62-->src/main/AndroidManifest.xml:24:15-70
63                android:resource="@style/NormalTheme" />
63-->src/main/AndroidManifest.xml:25:15-52
64            <!--
65                 Displays an Android View that continues showing the launch screen
66                 Drawable until Flutter paints its first frame, then this splash
67                 screen fades out. A splash screen is useful to avoid any visual
68                 gap between the end of Android's launch screen and the painting of
69                 Flutter's first frame.
70            -->
71            <meta-data
71-->src/main/AndroidManifest.xml:32:13-35:17
72                android:name="io.flutter.embedding.android.SplashScreenDrawable"
72-->src/main/AndroidManifest.xml:33:15-79
73                android:resource="@drawable/launch_background" />
73-->src/main/AndroidManifest.xml:34:15-61
74
75            <intent-filter>
75-->src/main/AndroidManifest.xml:36:13-39:29
76                <action android:name="android.intent.action.MAIN" />
76-->src/main/AndroidManifest.xml:37:17-68
76-->src/main/AndroidManifest.xml:37:25-66
77
78                <category android:name="android.intent.category.LAUNCHER" />
78-->src/main/AndroidManifest.xml:38:17-76
78-->src/main/AndroidManifest.xml:38:27-74
79            </intent-filter>
80        </activity>
81        <!--
82             Don't delete the meta-data below.
83             This is used by the Flutter tool to generate GeneratedPluginRegistrant.java
84        -->
85        <meta-data
85-->src/main/AndroidManifest.xml:43:9-45:33
86            android:name="flutterEmbedding"
86-->src/main/AndroidManifest.xml:44:13-44
87            android:value="2" />
87-->src/main/AndroidManifest.xml:45:13-30
88
89        <service
89-->[:firebase_database] AndroidManifest.xml:10:9-14:19
90            android:name="com.google.firebase.components.ComponentDiscoveryService"
90-->[:firebase_database] AndroidManifest.xml:10:18-89
91            android:directBootAware="true"
91-->[com.google.firebase:firebase-common:20.3.0] AndroidManifest.xml:34:13-43
92            android:exported="false" >
92-->[com.google.firebase:firebase-auth:21.1.0] AndroidManifest.xml:66:13-37
93            <meta-data
93-->[:firebase_database] AndroidManifest.xml:11:13-13:85
94                android:name="com.google.firebase.components:io.flutter.plugins.firebase.database.FlutterFirebaseAppRegistrar"
94-->[:firebase_database] AndroidManifest.xml:12:17-127
95                android:value="com.google.firebase.components.ComponentRegistrar" />
95-->[:firebase_database] AndroidManifest.xml:13:17-82
96            <meta-data
96-->[:cloud_firestore] AndroidManifest.xml:11:13-13:85
97                android:name="com.google.firebase.components:io.flutter.plugins.firebase.firestore.FlutterFirebaseFirestoreRegistrar"
97-->[:cloud_firestore] AndroidManifest.xml:12:17-134
98                android:value="com.google.firebase.components.ComponentRegistrar" />
98-->[:cloud_firestore] AndroidManifest.xml:13:17-82
99            <meta-data
99-->[:firebase_auth] AndroidManifest.xml:11:13-13:85
100                android:name="com.google.firebase.components:io.flutter.plugins.firebase.auth.FlutterFirebaseAuthRegistrar"
100-->[:firebase_auth] AndroidManifest.xml:12:17-124
101                android:value="com.google.firebase.components.ComponentRegistrar" />
101-->[:firebase_auth] AndroidManifest.xml:13:17-82
102            <meta-data
102-->[:firebase_storage] AndroidManifest.xml:11:13-13:85
103                android:name="com.google.firebase.components:io.flutter.plugins.firebase.storage.FlutterFirebaseAppRegistrar"
103-->[:firebase_storage] AndroidManifest.xml:12:17-126
104                android:value="com.google.firebase.components.ComponentRegistrar" />
104-->[:firebase_storage] AndroidManifest.xml:13:17-82
105            <meta-data
105-->[:firebase_messaging] AndroidManifest.xml:38:13-40:85
106                android:name="com.google.firebase.components:io.flutter.plugins.firebase.messaging.FlutterFirebaseAppRegistrar"
106-->[:firebase_messaging] AndroidManifest.xml:39:17-128
107                android:value="com.google.firebase.components.ComponentRegistrar" />
107-->[:firebase_messaging] AndroidManifest.xml:40:17-82
108            <meta-data
108-->[:firebase_core] AndroidManifest.xml:11:13-13:85
109                android:name="com.google.firebase.components:io.flutter.plugins.firebase.core.FlutterFirebaseCoreRegistrar"
109-->[:firebase_core] AndroidManifest.xml:12:17-124
110                android:value="com.google.firebase.components.ComponentRegistrar" />
110-->[:firebase_core] AndroidManifest.xml:13:17-82
111            <meta-data
111-->[com.google.firebase:firebase-auth:21.1.0] AndroidManifest.xml:67:13-69:85
112                android:name="com.google.firebase.components:com.google.firebase.auth.FirebaseAuthRegistrar"
112-->[com.google.firebase:firebase-auth:21.1.0] AndroidManifest.xml:68:17-109
113                android:value="com.google.firebase.components.ComponentRegistrar" />
113-->[com.google.firebase:firebase-auth:21.1.0] AndroidManifest.xml:69:17-82
114            <meta-data
114-->[com.google.firebase:firebase-firestore:24.4.3] AndroidManifest.xml:19:13-21:85
115                android:name="com.google.firebase.components:com.google.firebase.firestore.FirestoreRegistrar"
115-->[com.google.firebase:firebase-firestore:24.4.3] AndroidManifest.xml:20:17-111
116                android:value="com.google.firebase.components.ComponentRegistrar" />
116-->[com.google.firebase:firebase-firestore:24.4.3] AndroidManifest.xml:21:17-82
117            <meta-data
117-->[com.google.firebase:firebase-messaging:23.1.1] AndroidManifest.xml:55:13-57:85
118                android:name="com.google.firebase.components:com.google.firebase.messaging.FirebaseMessagingRegistrar"
118-->[com.google.firebase:firebase-messaging:23.1.1] AndroidManifest.xml:56:17-119
119                android:value="com.google.firebase.components.ComponentRegistrar" />
119-->[com.google.firebase:firebase-messaging:23.1.1] AndroidManifest.xml:57:17-82
120            <meta-data
120-->[com.google.firebase:firebase-storage:20.1.0] AndroidManifest.xml:32:13-34:85
121                android:name="com.google.firebase.components:com.google.firebase.storage.StorageRegistrar"
121-->[com.google.firebase:firebase-storage:20.1.0] AndroidManifest.xml:33:17-107
122                android:value="com.google.firebase.components.ComponentRegistrar" />
122-->[com.google.firebase:firebase-storage:20.1.0] AndroidManifest.xml:34:17-82
123            <meta-data
123-->[com.google.firebase:firebase-database:20.1.0] AndroidManifest.xml:31:13-33:85
124                android:name="com.google.firebase.components:com.google.firebase.database.DatabaseRegistrar"
124-->[com.google.firebase:firebase-database:20.1.0] AndroidManifest.xml:32:17-109
125                android:value="com.google.firebase.components.ComponentRegistrar" />
125-->[com.google.firebase:firebase-database:20.1.0] AndroidManifest.xml:33:17-82
126            <meta-data
126-->[com.google.firebase:firebase-iid:21.1.0] AndroidManifest.xml:32:13-34:85
127                android:name="com.google.firebase.components:com.google.firebase.iid.Registrar"
127-->[com.google.firebase:firebase-iid:21.1.0] AndroidManifest.xml:33:17-96
128                android:value="com.google.firebase.components.ComponentRegistrar" />
128-->[com.google.firebase:firebase-iid:21.1.0] AndroidManifest.xml:34:17-82
129            <meta-data
129-->[com.google.firebase:firebase-installations:17.1.2] AndroidManifest.xml:17:13-19:85
130                android:name="com.google.firebase.components:com.google.firebase.installations.FirebaseInstallationsRegistrar"
130-->[com.google.firebase:firebase-installations:17.1.2] AndroidManifest.xml:18:17-127
131                android:value="com.google.firebase.components.ComponentRegistrar" />
131-->[com.google.firebase:firebase-installations:17.1.2] AndroidManifest.xml:19:17-82
132            <meta-data
132-->[com.google.firebase:firebase-datatransport:18.1.7] AndroidManifest.xml:27:13-29:85
133                android:name="com.google.firebase.components:com.google.firebase.datatransport.TransportRegistrar"
133-->[com.google.firebase:firebase-datatransport:18.1.7] AndroidManifest.xml:28:17-115
134                android:value="com.google.firebase.components.ComponentRegistrar" />
134-->[com.google.firebase:firebase-datatransport:18.1.7] AndroidManifest.xml:29:17-82
135        </service>
136        <service
136-->[:firebase_messaging] AndroidManifest.xml:16:9-19:72
137            android:name="io.flutter.plugins.firebase.messaging.FlutterFirebaseMessagingBackgroundService"
137-->[:firebase_messaging] AndroidManifest.xml:17:13-107
138            android:exported="false"
138-->[:firebase_messaging] AndroidManifest.xml:18:13-37
139            android:permission="android.permission.BIND_JOB_SERVICE" />
139-->[:firebase_messaging] AndroidManifest.xml:19:13-69
140        <service
140-->[:firebase_messaging] AndroidManifest.xml:20:9-26:19
141            android:name="io.flutter.plugins.firebase.messaging.FlutterFirebaseMessagingService"
141-->[:firebase_messaging] AndroidManifest.xml:21:13-97
142            android:exported="false" >
142-->[:firebase_messaging] AndroidManifest.xml:22:13-37
143            <intent-filter>
143-->[:firebase_messaging] AndroidManifest.xml:23:13-25:29
144                <action android:name="com.google.firebase.MESSAGING_EVENT" />
144-->[:firebase_messaging] AndroidManifest.xml:24:17-78
144-->[:firebase_messaging] AndroidManifest.xml:24:25-75
145            </intent-filter>
146        </service>
147
148        <receiver
148-->[:firebase_messaging] AndroidManifest.xml:28:9-35:20
149            android:name="io.flutter.plugins.firebase.messaging.FlutterFirebaseMessagingReceiver"
149-->[:firebase_messaging] AndroidManifest.xml:29:13-98
150            android:exported="true"
150-->[:firebase_messaging] AndroidManifest.xml:30:13-36
151            android:permission="com.google.android.c2dm.permission.SEND" >
151-->[:firebase_messaging] AndroidManifest.xml:31:13-73
152            <intent-filter>
152-->[:firebase_messaging] AndroidManifest.xml:32:13-34:29
153                <action android:name="com.google.android.c2dm.intent.RECEIVE" />
153-->[:firebase_messaging] AndroidManifest.xml:33:17-81
153-->[:firebase_messaging] AndroidManifest.xml:33:25-78
154            </intent-filter>
155        </receiver>
156
157        <provider
157-->[:firebase_messaging] AndroidManifest.xml:43:9-47:38
158            android:name="io.flutter.plugins.firebase.messaging.FlutterFirebaseMessagingInitProvider"
158-->[:firebase_messaging] AndroidManifest.xml:44:13-102
159            android:authorities="com.maradi.svpusers.app.flutterfirebasemessaginginitprovider"
159-->[:firebase_messaging] AndroidManifest.xml:45:13-88
160            android:exported="false"
160-->[:firebase_messaging] AndroidManifest.xml:46:13-37
161            android:initOrder="99" />
161-->[:firebase_messaging] AndroidManifest.xml:47:13-35
162        <provider
162-->[:image_picker_android] AndroidManifest.xml:10:9-18:20
163            android:name="io.flutter.plugins.imagepicker.ImagePickerFileProvider"
163-->[:image_picker_android] AndroidManifest.xml:11:13-82
164            android:authorities="com.maradi.svpusers.app.flutter.image_provider"
164-->[:image_picker_android] AndroidManifest.xml:12:13-74
165            android:exported="false"
165-->[:image_picker_android] AndroidManifest.xml:13:13-37
166            android:grantUriPermissions="true" >
166-->[:image_picker_android] AndroidManifest.xml:14:13-47
167            <meta-data
167-->[:image_picker_android] AndroidManifest.xml:15:13-17:75
168                android:name="android.support.FILE_PROVIDER_PATHS"
168-->[:image_picker_android] AndroidManifest.xml:16:17-67
169                android:resource="@xml/flutter_image_picker_file_paths" />
169-->[:image_picker_android] AndroidManifest.xml:17:17-72
170        </provider>
171        <provider
171-->[com.sangcomz:FishBun:0.11.2] AndroidManifest.xml:12:9-20:20
172            android:name="com.sangcomz.fishbun.FishBunFileProvider"
172-->[com.sangcomz:FishBun:0.11.2] AndroidManifest.xml:13:13-68
173            android:authorities="com.maradi.svpusers.app.fishbunfileprovider"
173-->[com.sangcomz:FishBun:0.11.2] AndroidManifest.xml:14:13-71
174            android:exported="false"
174-->[com.sangcomz:FishBun:0.11.2] AndroidManifest.xml:15:13-37
175            android:grantUriPermissions="true" >
175-->[com.sangcomz:FishBun:0.11.2] AndroidManifest.xml:16:13-47
176            <meta-data
176-->[:image_picker_android] AndroidManifest.xml:15:13-17:75
177                android:name="android.support.FILE_PROVIDER_PATHS"
177-->[:image_picker_android] AndroidManifest.xml:16:17-67
178                android:resource="@xml/provider_paths" />
178-->[:image_picker_android] AndroidManifest.xml:17:17-72
179        </provider>
180
181        <activity
181-->[com.sangcomz:FishBun:0.11.2] AndroidManifest.xml:22:9-25:51
182            android:name="com.sangcomz.fishbun.ui.album.AlbumActivity"
182-->[com.sangcomz:FishBun:0.11.2] AndroidManifest.xml:23:13-71
183            android:label="@string/album"
183-->[com.sangcomz:FishBun:0.11.2] AndroidManifest.xml:24:13-42
184            android:theme="@style/FishBunTheme" />
184-->[com.sangcomz:FishBun:0.11.2] AndroidManifest.xml:25:13-48
185        <activity
185-->[com.sangcomz:FishBun:0.11.2] AndroidManifest.xml:26:9-28:51
186            android:name="com.sangcomz.fishbun.ui.picker.PickerActivity"
186-->[com.sangcomz:FishBun:0.11.2] AndroidManifest.xml:27:13-73
187            android:theme="@style/FishBunTheme" />
187-->[com.sangcomz:FishBun:0.11.2] AndroidManifest.xml:28:13-48
188        <activity
188-->[com.sangcomz:FishBun:0.11.2] AndroidManifest.xml:29:9-31:54
189            android:name="com.sangcomz.fishbun.ui.detail.DetailActivity"
189-->[com.sangcomz:FishBun:0.11.2] AndroidManifest.xml:30:13-73
190            android:theme="@style/DetailViewTheme" />
190-->[com.sangcomz:FishBun:0.11.2] AndroidManifest.xml:31:13-51
191        <activity
191-->[com.google.android.gms:play-services-auth:20.4.1] AndroidManifest.xml:23:9-27:75
192            android:name="com.google.android.gms.auth.api.signin.internal.SignInHubActivity"
192-->[com.google.android.gms:play-services-auth:20.4.1] AndroidManifest.xml:24:13-93
193            android:excludeFromRecents="true"
193-->[com.google.android.gms:play-services-auth:20.4.1] AndroidManifest.xml:25:13-46
194            android:exported="false"
194-->[com.google.android.gms:play-services-auth:20.4.1] AndroidManifest.xml:26:13-37
195            android:theme="@android:style/Theme.Translucent.NoTitleBar" />
195-->[com.google.android.gms:play-services-auth:20.4.1] AndroidManifest.xml:27:13-72
196        <!--
197            Service handling Google Sign-In user revocation. For apps that do not integrate with
198            Google Sign-In, this service will never be started.
199        -->
200        <service
200-->[com.google.android.gms:play-services-auth:20.4.1] AndroidManifest.xml:33:9-37:51
201            android:name="com.google.android.gms.auth.api.signin.RevocationBoundService"
201-->[com.google.android.gms:play-services-auth:20.4.1] AndroidManifest.xml:34:13-89
202            android:exported="true"
202-->[com.google.android.gms:play-services-auth:20.4.1] AndroidManifest.xml:35:13-36
203            android:permission="com.google.android.gms.auth.api.signin.permission.REVOCATION_NOTIFICATION"
203-->[com.google.android.gms:play-services-auth:20.4.1] AndroidManifest.xml:36:13-107
204            android:visibleToInstantApps="true" />
204-->[com.google.android.gms:play-services-auth:20.4.1] AndroidManifest.xml:37:13-48
205
206        <activity
206-->[com.google.firebase:firebase-auth:21.1.0] AndroidManifest.xml:27:9-44:20
207            android:name="com.google.firebase.auth.internal.GenericIdpActivity"
207-->[com.google.firebase:firebase-auth:21.1.0] AndroidManifest.xml:28:13-80
208            android:excludeFromRecents="true"
208-->[com.google.firebase:firebase-auth:21.1.0] AndroidManifest.xml:29:13-46
209            android:exported="true"
209-->[com.google.firebase:firebase-auth:21.1.0] AndroidManifest.xml:30:13-36
210            android:launchMode="singleTask"
210-->[com.google.firebase:firebase-auth:21.1.0] AndroidManifest.xml:31:13-44
211            android:theme="@android:style/Theme.Translucent.NoTitleBar" >
211-->[com.google.firebase:firebase-auth:21.1.0] AndroidManifest.xml:32:13-72
212            <intent-filter>
212-->[com.google.firebase:firebase-auth:21.1.0] AndroidManifest.xml:33:13-43:29
213                <action android:name="android.intent.action.VIEW" />
213-->[com.google.firebase:firebase-auth:21.1.0] AndroidManifest.xml:34:17-69
213-->[com.google.firebase:firebase-auth:21.1.0] AndroidManifest.xml:34:25-66
214
215                <category android:name="android.intent.category.DEFAULT" />
215-->[com.google.firebase:firebase-auth:21.1.0] AndroidManifest.xml:36:17-76
215-->[com.google.firebase:firebase-auth:21.1.0] AndroidManifest.xml:36:27-73
216                <category android:name="android.intent.category.BROWSABLE" />
216-->[com.google.firebase:firebase-auth:21.1.0] AndroidManifest.xml:37:17-78
216-->[com.google.firebase:firebase-auth:21.1.0] AndroidManifest.xml:37:27-75
217
218                <data
218-->[:file_picker] AndroidManifest.xml:15:13-44
219                    android:host="firebase.auth"
220                    android:path="/"
221                    android:scheme="genericidp" />
222            </intent-filter>
223        </activity>
224        <activity
224-->[com.google.firebase:firebase-auth:21.1.0] AndroidManifest.xml:45:9-62:20
225            android:name="com.google.firebase.auth.internal.RecaptchaActivity"
225-->[com.google.firebase:firebase-auth:21.1.0] AndroidManifest.xml:46:13-79
226            android:excludeFromRecents="true"
226-->[com.google.firebase:firebase-auth:21.1.0] AndroidManifest.xml:47:13-46
227            android:exported="true"
227-->[com.google.firebase:firebase-auth:21.1.0] AndroidManifest.xml:48:13-36
228            android:launchMode="singleTask"
228-->[com.google.firebase:firebase-auth:21.1.0] AndroidManifest.xml:49:13-44
229            android:theme="@android:style/Theme.Translucent.NoTitleBar" >
229-->[com.google.firebase:firebase-auth:21.1.0] AndroidManifest.xml:50:13-72
230            <intent-filter>
230-->[com.google.firebase:firebase-auth:21.1.0] AndroidManifest.xml:51:13-61:29
231                <action android:name="android.intent.action.VIEW" />
231-->[com.google.firebase:firebase-auth:21.1.0] AndroidManifest.xml:34:17-69
231-->[com.google.firebase:firebase-auth:21.1.0] AndroidManifest.xml:34:25-66
232
233                <category android:name="android.intent.category.DEFAULT" />
233-->[com.google.firebase:firebase-auth:21.1.0] AndroidManifest.xml:36:17-76
233-->[com.google.firebase:firebase-auth:21.1.0] AndroidManifest.xml:36:27-73
234                <category android:name="android.intent.category.BROWSABLE" />
234-->[com.google.firebase:firebase-auth:21.1.0] AndroidManifest.xml:37:17-78
234-->[com.google.firebase:firebase-auth:21.1.0] AndroidManifest.xml:37:27-75
235
236                <data
236-->[:file_picker] AndroidManifest.xml:15:13-44
237                    android:host="firebase.auth"
238                    android:path="/"
239                    android:scheme="recaptcha" />
240            </intent-filter>
241        </activity>
242
243        <receiver
243-->[com.google.firebase:firebase-messaging:23.1.1] AndroidManifest.xml:31:9-38:20
244            android:name="com.google.firebase.iid.FirebaseInstanceIdReceiver"
244-->[com.google.firebase:firebase-messaging:23.1.1] AndroidManifest.xml:32:13-78
245            android:exported="true"
245-->[com.google.firebase:firebase-messaging:23.1.1] AndroidManifest.xml:33:13-36
246            android:permission="com.google.android.c2dm.permission.SEND" >
246-->[com.google.firebase:firebase-messaging:23.1.1] AndroidManifest.xml:34:13-73
247            <intent-filter>
247-->[:firebase_messaging] AndroidManifest.xml:32:13-34:29
248                <action android:name="com.google.android.c2dm.intent.RECEIVE" />
248-->[:firebase_messaging] AndroidManifest.xml:33:17-81
248-->[:firebase_messaging] AndroidManifest.xml:33:25-78
249            </intent-filter>
250        </receiver>
251        <!--
252             FirebaseMessagingService performs security checks at runtime,
253             but set to not exported to explicitly avoid allowing another app to call it.
254        -->
255        <service
255-->[com.google.firebase:firebase-messaging:23.1.1] AndroidManifest.xml:44:9-51:19
256            android:name="com.google.firebase.messaging.FirebaseMessagingService"
256-->[com.google.firebase:firebase-messaging:23.1.1] AndroidManifest.xml:45:13-82
257            android:directBootAware="true"
257-->[com.google.firebase:firebase-messaging:23.1.1] AndroidManifest.xml:46:13-43
258            android:exported="false" >
258-->[com.google.firebase:firebase-messaging:23.1.1] AndroidManifest.xml:47:13-37
259            <intent-filter android:priority="-500" >
259-->[:firebase_messaging] AndroidManifest.xml:23:13-25:29
260                <action android:name="com.google.firebase.MESSAGING_EVENT" />
260-->[:firebase_messaging] AndroidManifest.xml:24:17-78
260-->[:firebase_messaging] AndroidManifest.xml:24:25-75
261            </intent-filter>
262        </service>
263
264        <activity
264-->[com.google.android.gms:play-services-base:18.0.1] AndroidManifest.xml:20:9-22:45
265            android:name="com.google.android.gms.common.api.GoogleApiActivity"
265-->[com.google.android.gms:play-services-base:18.0.1] AndroidManifest.xml:20:19-85
266            android:exported="false"
266-->[com.google.android.gms:play-services-base:18.0.1] AndroidManifest.xml:22:19-43
267            android:theme="@android:style/Theme.Translucent.NoTitleBar" />
267-->[com.google.android.gms:play-services-base:18.0.1] AndroidManifest.xml:21:19-78
268
269        <provider
269-->[com.google.firebase:firebase-common:20.3.0] AndroidManifest.xml:25:9-30:39
270            android:name="com.google.firebase.provider.FirebaseInitProvider"
270-->[com.google.firebase:firebase-common:20.3.0] AndroidManifest.xml:26:13-77
271            android:authorities="com.maradi.svpusers.app.firebaseinitprovider"
271-->[com.google.firebase:firebase-common:20.3.0] AndroidManifest.xml:27:13-72
272            android:directBootAware="true"
272-->[com.google.firebase:firebase-common:20.3.0] AndroidManifest.xml:28:13-43
273            android:exported="false"
273-->[com.google.firebase:firebase-common:20.3.0] AndroidManifest.xml:29:13-37
274            android:initOrder="100" />
274-->[com.google.firebase:firebase-common:20.3.0] AndroidManifest.xml:30:13-36
275
276        <meta-data
276-->[com.google.android.gms:play-services-basement:18.1.0] AndroidManifest.xml:21:9-23:69
277            android:name="com.google.android.gms.version"
277-->[com.google.android.gms:play-services-basement:18.1.0] AndroidManifest.xml:22:13-58
278            android:value="@integer/google_play_services_version" />
278-->[com.google.android.gms:play-services-basement:18.1.0] AndroidManifest.xml:23:13-66
279
280        <uses-library
280-->[androidx.window:window:1.0.0-beta04] AndroidManifest.xml:25:9-27:40
281            android:name="androidx.window.extensions"
281-->[androidx.window:window:1.0.0-beta04] AndroidManifest.xml:26:13-54
282            android:required="false" />
282-->[androidx.window:window:1.0.0-beta04] AndroidManifest.xml:27:13-37
283        <uses-library
283-->[androidx.window:window:1.0.0-beta04] AndroidManifest.xml:28:9-30:40
284            android:name="androidx.window.sidecar"
284-->[androidx.window:window:1.0.0-beta04] AndroidManifest.xml:29:13-51
285            android:required="false" />
285-->[androidx.window:window:1.0.0-beta04] AndroidManifest.xml:30:13-37
286
287        <service
287-->[com.google.android.datatransport:transport-backend-cct:3.1.8] AndroidManifest.xml:28:9-34:19
288            android:name="com.google.android.datatransport.runtime.backends.TransportBackendDiscovery"
288-->[com.google.android.datatransport:transport-backend-cct:3.1.8] AndroidManifest.xml:29:13-103
289            android:exported="false" >
289-->[com.google.android.datatransport:transport-backend-cct:3.1.8] AndroidManifest.xml:30:13-37
290            <meta-data
290-->[com.google.android.datatransport:transport-backend-cct:3.1.8] AndroidManifest.xml:31:13-33:39
291                android:name="backend:com.google.android.datatransport.cct.CctBackendFactory"
291-->[com.google.android.datatransport:transport-backend-cct:3.1.8] AndroidManifest.xml:32:17-94
292                android:value="cct" />
292-->[com.google.android.datatransport:transport-backend-cct:3.1.8] AndroidManifest.xml:33:17-36
293        </service>
294        <service